# JRE version: Java(TM) SE Runtime Environment (8.0_92-b14) (build 1.8.0_92-b14)
# Java VM: Java HotSpot(TM) Client VM (25.92-b14 mixed mode windows-x86 )
Heap:
 def new generation   total 39424K, used 26381K [0x05000000, 0x07ac0000, 0x0faa0000)
  eden space 35072K,  62% used [0x05000000, 0x06583718, 0x07240000)
  from space 4352K, 100% used [0x07240000, 0x07680000, 0x07680000)
  to   space 4352K,   0% used [0x07680000, 0x07680000, 0x07ac0000)
 tenured generation   total 87424K, used 21020K [0x0faa0000, 0x15000000, 0x25000000)
   the space 87424K,  24% used [0x0faa0000, 0x10f27170, 0x10f27200, 0x15000000)
 Metaspace       used 18524K, capacity 18945K, committed 19072K, reserved 19840K
GC Heap History (10 events):
Event: 0.993 GC heap before
{Heap before GC invocations=0 (full 0):
 def new generation   total 39296K, used 34944K [0x05000000, 0x07aa0000, 0x0faa0000)
  eden space 34944K, 100% used [0x05000000, 0x07220000, 0x07220000)
  from space 4352K,   0% used [0x07220000, 0x07220000, 0x07660000)
  to   space 4352K,   0% used [0x07660000, 0x07660000, 0x07aa0000)
 tenured generation   total 87424K, used 0K [0x0faa0000, 0x15000000, 0x25000000)
   the space 87424K,   0% used [0x0faa0000, 0x0faa0000, 0x0faa0200, 0x15000000)
 Metaspace       used 9663K, capacity 9862K, committed 9984K, reserved 10624K
Event: 1.003 GC heap after
Heap after GC invocations=1 (full 0):
 def new generation   total 39296K, used 4352K [0x05000000, 0x07aa0000, 0x0faa0000)
  eden space 34944K,   0% used [0x05000000, 0x05000000, 0x07220000)
  from space 4352K, 100% used [0x07660000, 0x07aa0000, 0x07aa0000)
  to   space 4352K,   0% used [0x07220000, 0x07220000, 0x07660000)
 tenured generation   total 87424K, used 2804K [0x0faa0000, 0x15000000, 0x25000000)
   the space 87424K,   3% used [0x0faa0000, 0x0fd5d310, 0x0fd5d400, 0x15000000)
 Metaspace       used 9663K, capacity 9862K, committed 9984K, reserved 10624K
}
Event: 1.586 GC heap before
{Heap before GC invocations=1 (full 0):
 def new generation   total 39296K, used 39296K [0x05000000, 0x07aa0000, 0x0faa0000)
  eden space 34944K, 100% used [0x05000000, 0x07220000, 0x07220000)
  from space 4352K, 100% used [0x07660000, 0x07aa0000, 0x07aa0000)
  to   space 4352K,   0% used [0x07220000, 0x07220000, 0x07660000)
 tenured generation   total 87424K, used 2804K [0x0faa0000, 0x15000000, 0x25000000)
   the space 87424K,   3% used [0x0faa0000, 0x0fd5d310, 0x0fd5d400, 0x15000000)
 Metaspace       used 11318K, capacity 11631K, committed 11648K, reserved 11648K
Event: 1.608 GC heap after
Heap after GC invocations=2 (full 0):
 def new generation   total 39296K, used 4352K [0x05000000, 0x07aa0000, 0x0faa0000)
  eden space 34944K,   0% used [0x05000000, 0x05000000, 0x07220000)
  from space 4352K, 100% used [0x07220000, 0x07660000, 0x07660000)
  to   space 4352K,   0% used [0x07660000, 0x07660000, 0x07aa0000)
 tenured generation   total 87424K, used 9013K [0x0faa0000, 0x15000000, 0x25000000)
   the space 87424K,  10% used [0x0faa0000, 0x1036d618, 0x1036d800, 0x15000000)
 Metaspace       used 11318K, capacity 11631K, committed 11648K, reserved 11648K
}
Event: 2.005 GC heap before
{Heap before GC invocations=2 (full 0):
 def new generation   total 39296K, used 15174K [0x05000000, 0x07aa0000, 0x0faa0000)
  eden space 34944K,  30% used [0x05000000, 0x05a91b70, 0x07220000)
  from space 4352K, 100% used [0x07220000, 0x07660000, 0x07660000)
  to   space 4352K,   0% used [0x07660000, 0x07660000, 0x07aa0000)
 tenured generation   total 87424K, used 9013K [0x0faa0000, 0x15000000, 0x25000000)
   the space 87424K,  10% used [0x0faa0000, 0x1036d618, 0x1036d800, 0x15000000)
 Metaspace       used 11917K, capacity 12262K, committed 12288K, reserved 12672K
Event: 2.029 GC heap after
Heap after GC invocations=3 (full 1):
 def new generation   total 39424K, used 0K [0x05000000, 0x07ac0000, 0x0faa0000)
  eden space 35072K,   0% used [0x05000000, 0x05000000, 0x07240000)
  from space 4352K,   0% used [0x07240000, 0x07240000, 0x07680000)
  to   space 4352K,   0% used [0x07680000, 0x07680000, 0x07ac0000)
 tenured generation   total 87424K, used 14547K [0x0faa0000, 0x15000000, 0x25000000)
   the space 87424K,  16% used [0x0faa0000, 0x108d4f28, 0x108d5000, 0x15000000)
 Metaspace       used 11917K, capacity 12262K, committed 12288K, reserved 12672K
}
Event: 8.455 GC heap before
{Heap before GC invocations=3 (full 1):
 def new generation   total 39424K, used 35072K [0x05000000, 0x07ac0000, 0x0faa0000)
  eden space 35072K, 100% used [0x05000000, 0x07240000, 0x07240000)
  from space 4352K,   0% used [0x07240000, 0x07240000, 0x07680000)
  to   space 4352K,   0% used [0x07680000, 0x07680000, 0x07ac0000)
 tenured generation   total 87424K, used 14547K [0x0faa0000, 0x15000000, 0x25000000)
   the space 87424K,  16% used [0x0faa0000, 0x108d4f28, 0x108d5000, 0x15000000)
 Metaspace       used 17011K, capacity 17400K, committed 17536K, reserved 17792K
Event: 8.465 GC heap after
Heap after GC invocations=4 (full 1):
 def new generation   total 39424K, used 4352K [0x05000000, 0x07ac0000, 0x0faa0000)
  eden space 35072K,   0% used [0x05000000, 0x05000000, 0x07240000)
  from space 4352K, 100% used [0x07680000, 0x07ac0000, 0x07ac0000)
  to   space 4352K,   0% used [0x07240000, 0x07240000, 0x07680000)
 tenured generation   total 87424K, used 16877K [0x0faa0000, 0x15000000, 0x25000000)
   the space 87424K,  19% used [0x0faa0000, 0x10b1b530, 0x10b1b600, 0x15000000)
 Metaspace       used 17011K, capacity 17400K, committed 17536K, reserved 17792K
}
Event: 69.285 GC heap before
{Heap before GC invocations=4 (full 1):
 def new generation   total 39424K, used 39424K [0x05000000, 0x07ac0000, 0x0faa0000)
  eden space 35072K, 100% used [0x05000000, 0x07240000, 0x07240000)
  from space 4352K, 100% used [0x07680000, 0x07ac0000, 0x07ac0000)
  to   space 4352K,   0% used [0x07240000, 0x07240000, 0x07680000)
 tenured generation   total 87424K, used 16877K [0x0faa0000, 0x15000000, 0x25000000)
   the space 87424K,  19% used [0x0faa0000, 0x10b1b530, 0x10b1b600, 0x15000000)
 Metaspace       used 18488K, capacity 18913K, committed 18944K, reserved 19840K
Event: 69.299 GC heap after
Heap after GC invocations=5 (full 1):
 def new generation   total 39424K, used 4352K [0x05000000, 0x07ac0000, 0x0faa0000)
  eden space 35072K,   0% used [0x05000000, 0x05000000, 0x07240000)
  from space 4352K, 100% used [0x07240000, 0x07680000, 0x07680000)
  to   space 4352K,   0% used [0x07680000, 0x07680000, 0x07ac0000)
 tenured generation   total 87424K, used 21020K [0x0faa0000, 0x15000000, 0x25000000)
   the space 87424K,  24% used [0x0faa0000, 0x10f27170, 0x10f27200, 0x15000000)
 Metaspace       used 18488K, capacity 18913K, committed 18944K, reserved 19840K
}

