# JRE version: Java(TM) SE Runtime Environment (8.0_92-b14) (build 1.8.0_92-b14)
# Java VM: Java HotSpot(TM) Client VM (25.92-b14 mixed mode windows-x86 )
Heap:
 def new generation   total 39424K, used 11795K [0x05000000, 0x07ac0000, 0x0faa0000)
  eden space 35072K,  27% used [0x05000000, 0x05952a98, 0x07240000)
  from space 4352K,  51% used [0x07240000, 0x07472228, 0x07680000)
  to   space 4352K,   0% used [0x07680000, 0x07680000, 0x07ac0000)
 tenured generation   total 87424K, used 23878K [0x0faa0000, 0x15000000, 0x25000000)
   the space 87424K,  27% used [0x0faa0000, 0x111f1a60, 0x111f1c00, 0x15000000)
 Metaspace       used 18268K, capacity 18714K, committed 18816K, reserved 18816K
GC Heap History (10 events):
Event: 46.769 GC heap before
{Heap before GC invocations=0 (full 0):
 def new generation   total 39296K, used 34944K [0x05000000, 0x07aa0000, 0x0faa0000)
  eden space 34944K, 100% used [0x05000000, 0x07220000, 0x07220000)
  from space 4352K,   0% used [0x07220000, 0x07220000, 0x07660000)
  to   space 4352K,   0% used [0x07660000, 0x07660000, 0x07aa0000)
 tenured generation   total 87424K, used 0K [0x0faa0000, 0x15000000, 0x25000000)
   the space 87424K,   0% used [0x0faa0000, 0x0faa0000, 0x0faa0200, 0x15000000)
 Metaspace       used 9664K, capacity 9830K, committed 9984K, reserved 10624K
Event: 46.778 GC heap after
Heap after GC invocations=1 (full 0):
 def new generation   total 39296K, used 4352K [0x05000000, 0x07aa0000, 0x0faa0000)
  eden space 34944K,   0% used [0x05000000, 0x05000000, 0x07220000)
  from space 4352K, 100% used [0x07660000, 0x07aa0000, 0x07aa0000)
  to   space 4352K,   0% used [0x07220000, 0x07220000, 0x07660000)
 tenured generation   total 87424K, used 2800K [0x0faa0000, 0x15000000, 0x25000000)
   the space 87424K,   3% used [0x0faa0000, 0x0fd5c390, 0x0fd5c400, 0x15000000)
 Metaspace       used 9664K, capacity 9830K, committed 9984K, reserved 10624K
}
Event: 47.298 GC heap before
{Heap before GC invocations=1 (full 0):
 def new generation   total 39296K, used 39296K [0x05000000, 0x07aa0000, 0x0faa0000)
  eden space 34944K, 100% used [0x05000000, 0x07220000, 0x07220000)
  from space 4352K, 100% used [0x07660000, 0x07aa0000, 0x07aa0000)
  to   space 4352K,   0% used [0x07220000, 0x07220000, 0x07660000)
 tenured generation   total 87424K, used 2800K [0x0faa0000, 0x15000000, 0x25000000)
   the space 87424K,   3% used [0x0faa0000, 0x0fd5c390, 0x0fd5c400, 0x15000000)
 Metaspace       used 11088K, capacity 11407K, committed 11520K, reserved 11648K
Event: 47.316 GC heap after
Heap after GC invocations=2 (full 0):
 def new generation   total 39296K, used 4352K [0x05000000, 0x07aa0000, 0x0faa0000)
  eden space 34944K,   0% used [0x05000000, 0x05000000, 0x07220000)
  from space 4352K, 100% used [0x07220000, 0x07660000, 0x07660000)
  to   space 4352K,   0% used [0x07660000, 0x07660000, 0x07aa0000)
 tenured generation   total 87424K, used 8851K [0x0faa0000, 0x15000000, 0x25000000)
   the space 87424K,  10% used [0x0faa0000, 0x10344dc8, 0x10344e00, 0x15000000)
 Metaspace       used 11088K, capacity 11407K, committed 11520K, reserved 11648K
}
Event: 47.794 GC heap before
{Heap before GC invocations=2 (full 0):
 def new generation   total 39296K, used 18492K [0x05000000, 0x07aa0000, 0x0faa0000)
  eden space 34944K,  40% used [0x05000000, 0x05dcf1e0, 0x07220000)
  from space 4352K, 100% used [0x07220000, 0x07660000, 0x07660000)
  to   space 4352K,   0% used [0x07660000, 0x07660000, 0x07aa0000)
 tenured generation   total 87424K, used 8851K [0x0faa0000, 0x15000000, 0x25000000)
   the space 87424K,  10% used [0x0faa0000, 0x10344dc8, 0x10344e00, 0x15000000)
 Metaspace       used 11913K, capacity 12282K, committed 12288K, reserved 12672K
Event: 47.821 GC heap after
Heap after GC invocations=3 (full 1):
 def new generation   total 39424K, used 0K [0x05000000, 0x07ac0000, 0x0faa0000)
  eden space 35072K,   0% used [0x05000000, 0x05000000, 0x07240000)
  from space 4352K,   0% used [0x07240000, 0x07240000, 0x07680000)
  to   space 4352K,   0% used [0x07680000, 0x07680000, 0x07ac0000)
 tenured generation   total 87424K, used 15292K [0x0faa0000, 0x15000000, 0x25000000)
   the space 87424K,  17% used [0x0faa0000, 0x1098f3b8, 0x1098f400, 0x15000000)
 Metaspace       used 11913K, capacity 12282K, committed 12288K, reserved 12672K
}
Event: 54.968 GC heap before
{Heap before GC invocations=3 (full 1):
 def new generation   total 39424K, used 35072K [0x05000000, 0x07ac0000, 0x0faa0000)
  eden space 35072K, 100% used [0x05000000, 0x07240000, 0x07240000)
  from space 4352K,   0% used [0x07240000, 0x07240000, 0x07680000)
  to   space 4352K,   0% used [0x07680000, 0x07680000, 0x07ac0000)
 tenured generation   total 87424K, used 15292K [0x0faa0000, 0x15000000, 0x25000000)
   the space 87424K,  17% used [0x0faa0000, 0x1098f3b8, 0x1098f400, 0x15000000)
 Metaspace       used 17196K, capacity 17618K, committed 17664K, reserved 17792K
Event: 54.981 GC heap after
Heap after GC invocations=4 (full 1):
 def new generation   total 39424K, used 4352K [0x05000000, 0x07ac0000, 0x0faa0000)
  eden space 35072K,   0% used [0x05000000, 0x05000000, 0x07240000)
  from space 4352K, 100% used [0x07680000, 0x07ac0000, 0x07ac0000)
  to   space 4352K,   0% used [0x07240000, 0x07240000, 0x07680000)
 tenured generation   total 87424K, used 20660K [0x0faa0000, 0x15000000, 0x25000000)
   the space 87424K,  23% used [0x0faa0000, 0x10ecd1a0, 0x10ecd200, 0x15000000)
 Metaspace       used 17196K, capacity 17618K, committed 17664K, reserved 17792K
}
Event: 109.027 GC heap before
{Heap before GC invocations=4 (full 1):
 def new generation   total 39424K, used 39424K [0x05000000, 0x07ac0000, 0x0faa0000)
  eden space 35072K, 100% used [0x05000000, 0x07240000, 0x07240000)
  from space 4352K, 100% used [0x07680000, 0x07ac0000, 0x07ac0000)
  to   space 4352K,   0% used [0x07240000, 0x07240000, 0x07680000)
 tenured generation   total 87424K, used 20660K [0x0faa0000, 0x15000000, 0x25000000)
   the space 87424K,  23% used [0x0faa0000, 0x10ecd1a0, 0x10ecd200, 0x15000000)
 Metaspace       used 18102K, capacity 18574K, committed 18688K, reserved 18816K
Event: 109.038 GC heap after
Heap after GC invocations=5 (full 1):
 def new generation   total 39424K, used 2248K [0x05000000, 0x07ac0000, 0x0faa0000)
  eden space 35072K,   0% used [0x05000000, 0x05000000, 0x07240000)
  from space 4352K,  51% used [0x07240000, 0x07472228, 0x07680000)
  to   space 4352K,   0% used [0x07680000, 0x07680000, 0x07ac0000)
 tenured generation   total 87424K, used 23878K [0x0faa0000, 0x15000000, 0x25000000)
   the space 87424K,  27% used [0x0faa0000, 0x111f1a60, 0x111f1c00, 0x15000000)
 Metaspace       used 18102K, capacity 18574K, committed 18688K, reserved 18816K
}

