# JRE version: Java(TM) SE Runtime Environment (8.0_92-b14) (build 1.8.0_92-b14)
# Java VM: Java HotSpot(TM) Client VM (25.92-b14 mixed mode windows-x86 )
Heap:
 def new generation   total 39424K, used 8380K [0x04e00000, 0x078c0000, 0x0f8a0000)
  eden space 35072K,  22% used [0x04e00000, 0x055927e8, 0x07040000)
  from space 4352K,  14% used [0x07480000, 0x0751c948, 0x078c0000)
  to   space 4352K,   0% used [0x07040000, 0x07040000, 0x07480000)
 tenured generation   total 87424K, used 50834K [0x0f8a0000, 0x14e00000, 0x24e00000)
   the space 87424K,  58% used [0x0f8a0000, 0x12a44b58, 0x12a44c00, 0x14e00000)
 Metaspace       used 20919K, capacity 21760K, committed 21888K, reserved 21888K
GC Heap History (10 events):
Event: 376.961 GC heap before
{Heap before GC invocations=14 (full 2):
 def new generation   total 39424K, used 36148K [0x04e00000, 0x078c0000, 0x0f8a0000)
  eden space 35072K,  98% used [0x04e00000, 0x06fa71d0, 0x07040000)
  from space 4352K,  38% used [0x07040000, 0x071e6008, 0x07480000)
  to   space 4352K,   0% used [0x07480000, 0x07480000, 0x078c0000)
 tenured generation   total 87424K, used 34591K [0x0f8a0000, 0x14e00000, 0x24e00000)
   the space 87424K,  39% used [0x0f8a0000, 0x11a67c78, 0x11a67e00, 0x14e00000)
 Metaspace       used 20755K, capacity 21600K, committed 21632K, reserved 21888K
Event: 376.968 GC heap after
Heap after GC invocations=15 (full 2):
 def new generation   total 39424K, used 4114K [0x04e00000, 0x078c0000, 0x0f8a0000)
  eden space 35072K,   0% used [0x04e00000, 0x04e00000, 0x07040000)
  from space 4352K,  94% used [0x07480000, 0x078848f0, 0x078c0000)
  to   space 4352K,   0% used [0x07040000, 0x07040000, 0x07480000)
 tenured generation   total 87424K, used 34591K [0x0f8a0000, 0x14e00000, 0x24e00000)
   the space 87424K,  39% used [0x0f8a0000, 0x11a67c78, 0x11a67e00, 0x14e00000)
 Metaspace       used 20755K, capacity 21600K, committed 21632K, reserved 21888K
}
Event: 378.257 GC heap before
{Heap before GC invocations=15 (full 2):
 def new generation   total 39424K, used 38916K [0x04e00000, 0x078c0000, 0x0f8a0000)
  eden space 35072K,  99% used [0x04e00000, 0x06ffc7f8, 0x07040000)
  from space 4352K,  94% used [0x07480000, 0x078848f0, 0x078c0000)
  to   space 4352K,   0% used [0x07040000, 0x07040000, 0x07480000)
 tenured generation   total 87424K, used 34591K [0x0f8a0000, 0x14e00000, 0x24e00000)
   the space 87424K,  39% used [0x0f8a0000, 0x11a67c78, 0x11a67e00, 0x14e00000)
 Metaspace       used 20755K, capacity 21600K, committed 21632K, reserved 21888K
Event: 378.266 GC heap after
Heap after GC invocations=16 (full 2):
 def new generation   total 39424K, used 4304K [0x04e00000, 0x078c0000, 0x0f8a0000)
  eden space 35072K,   0% used [0x04e00000, 0x04e00000, 0x07040000)
  from space 4352K,  98% used [0x07040000, 0x07474190, 0x07480000)
  to   space 4352K,   0% used [0x07480000, 0x07480000, 0x078c0000)
 tenured generation   total 87424K, used 37782K [0x0f8a0000, 0x14e00000, 0x24e00000)
   the space 87424K,  43% used [0x0f8a0000, 0x11d85af0, 0x11d85c00, 0x14e00000)
 Metaspace       used 20755K, capacity 21600K, committed 21632K, reserved 21888K
}
Event: 378.457 GC heap before
{Heap before GC invocations=16 (full 2):
 def new generation   total 39424K, used 37861K [0x04e00000, 0x078c0000, 0x0f8a0000)
  eden space 35072K,  95% used [0x04e00000, 0x06ec54e8, 0x07040000)
  from space 4352K,  98% used [0x07040000, 0x07474190, 0x07480000)
  to   space 4352K,   0% used [0x07480000, 0x07480000, 0x078c0000)
 tenured generation   total 87424K, used 37782K [0x0f8a0000, 0x14e00000, 0x24e00000)
   the space 87424K,  43% used [0x0f8a0000, 0x11d85af0, 0x11d85c00, 0x14e00000)
 Metaspace       used 20755K, capacity 21600K, committed 21632K, reserved 21888K
Event: 378.462 GC heap after
Heap after GC invocations=17 (full 2):
 def new generation   total 39424K, used 3516K [0x04e00000, 0x078c0000, 0x0f8a0000)
  eden space 35072K,   0% used [0x04e00000, 0x04e00000, 0x07040000)
  from space 4352K,  80% used [0x07480000, 0x077ef080, 0x078c0000)
  to   space 4352K,   0% used [0x07040000, 0x07040000, 0x07480000)
 tenured generation   total 87424K, used 43021K [0x0f8a0000, 0x14e00000, 0x24e00000)
   the space 87424K,  49% used [0x0f8a0000, 0x122a3408, 0x122a3600, 0x14e00000)
 Metaspace       used 20755K, capacity 21600K, committed 21632K, reserved 21888K
}
Event: 385.610 GC heap before
{Heap before GC invocations=17 (full 2):
 def new generation   total 39424K, used 38588K [0x04e00000, 0x078c0000, 0x0f8a0000)
  eden space 35072K, 100% used [0x04e00000, 0x07040000, 0x07040000)
  from space 4352K,  80% used [0x07480000, 0x077ef080, 0x078c0000)
  to   space 4352K,   0% used [0x07040000, 0x07040000, 0x07480000)
 tenured generation   total 87424K, used 43021K [0x0f8a0000, 0x14e00000, 0x24e00000)
   the space 87424K,  49% used [0x0f8a0000, 0x122a3408, 0x122a3600, 0x14e00000)
 Metaspace       used 20755K, capacity 21600K, committed 21632K, reserved 21888K
Event: 385.614 GC heap after
Heap after GC invocations=18 (full 2):
 def new generation   total 39424K, used 3775K [0x04e00000, 0x078c0000, 0x0f8a0000)
  eden space 35072K,   0% used [0x04e00000, 0x04e00000, 0x07040000)
  from space 4352K,  86% used [0x07040000, 0x073efe08, 0x07480000)
  to   space 4352K,   0% used [0x07480000, 0x07480000, 0x078c0000)
 tenured generation   total 87424K, used 47343K [0x0f8a0000, 0x14e00000, 0x24e00000)
   the space 87424K,  54% used [0x0f8a0000, 0x126dbe08, 0x126dc000, 0x14e00000)
 Metaspace       used 20755K, capacity 21600K, committed 21632K, reserved 21888K
}
Event: 2128.902 GC heap before
{Heap before GC invocations=18 (full 2):
 def new generation   total 39424K, used 38847K [0x04e00000, 0x078c0000, 0x0f8a0000)
  eden space 35072K, 100% used [0x04e00000, 0x07040000, 0x07040000)
  from space 4352K,  86% used [0x07040000, 0x073efe08, 0x07480000)
  to   space 4352K,   0% used [0x07480000, 0x07480000, 0x078c0000)
 tenured generation   total 87424K, used 47343K [0x0f8a0000, 0x14e00000, 0x24e00000)
   the space 87424K,  54% used [0x0f8a0000, 0x126dbe08, 0x126dc000, 0x14e00000)
 Metaspace       used 20919K, capacity 21760K, committed 21888K, reserved 21888K
Event: 2128.929 GC heap after
Heap after GC invocations=19 (full 2):
 def new generation   total 39424K, used 626K [0x04e00000, 0x078c0000, 0x0f8a0000)
  eden space 35072K,   0% used [0x04e00000, 0x04e00000, 0x07040000)
  from space 4352K,  14% used [0x07480000, 0x0751c948, 0x078c0000)
  to   space 4352K,   0% used [0x07040000, 0x07040000, 0x07480000)
 tenured generation   total 87424K, used 50834K [0x0f8a0000, 0x14e00000, 0x24e00000)
   the space 87424K,  58% used [0x0f8a0000, 0x12a44b58, 0x12a44c00, 0x14e00000)
 Metaspace       used 20919K, capacity 21760K, committed 21888K, reserved 21888K
}

