# JRE version: Java(TM) SE Runtime Environment (8.0_92-b14) (build 1.8.0_92-b14)
# Java VM: Java HotSpot(TM) Client VM (25.92-b14 mixed mode windows-x86 )
Heap:
 def new generation   total 39488K, used 5554K [0x04600000, 0x070d0000, 0x0f0a0000)
  eden space 35136K,   3% used [0x04600000, 0x04756500, 0x06850000)
  from space 4352K,  96% used [0x06c90000, 0x070a6670, 0x070d0000)
  to   space 4352K,   0% used [0x06850000, 0x06850000, 0x06c90000)
 tenured generation   total 87424K, used 34089K [0x0f0a0000, 0x14600000, 0x24600000)
   the space 87424K,  38% used [0x0f0a0000, 0x111ea650, 0x111ea800, 0x14600000)
 Metaspace       used 19705K, capacity 20274K, committed 20608K, reserved 20864K
GC Heap History (10 events):
Event: 2177.138 GC heap before
{Heap before GC invocations=28 (full 1):
 def new generation   total 39424K, used 37877K [0x04600000, 0x070c0000, 0x0f0a0000)
  eden space 35072K, 100% used [0x04600000, 0x06840000, 0x06840000)
  from space 4352K,  64% used [0x06c80000, 0x06f3d548, 0x070c0000)
  to   space 4352K,   0% used [0x06840000, 0x06840000, 0x06c80000)
 tenured generation   total 87424K, used 55097K [0x0f0a0000, 0x14600000, 0x24600000)
   the space 87424K,  63% used [0x0f0a0000, 0x1266e608, 0x1266e800, 0x14600000)
 Metaspace       used 19789K, capacity 20406K, committed 20480K, reserved 20864K
Event: 2177.143 GC heap after
Heap after GC invocations=29 (full 1):
 def new generation   total 39424K, used 896K [0x04600000, 0x070c0000, 0x0f0a0000)
  eden space 35072K,   0% used [0x04600000, 0x04600000, 0x06840000)
  from space 4352K,  20% used [0x06840000, 0x06920378, 0x06c80000)
  to   space 4352K,   0% used [0x06c80000, 0x06c80000, 0x070c0000)
 tenured generation   total 87424K, used 57306K [0x0f0a0000, 0x14600000, 0x24600000)
   the space 87424K,  65% used [0x0f0a0000, 0x12896830, 0x12896a00, 0x14600000)
 Metaspace       used 19789K, capacity 20406K, committed 20480K, reserved 20864K
}
Event: 2180.630 GC heap before
{Heap before GC invocations=29 (full 1):
 def new generation   total 39424K, used 11738K [0x04600000, 0x070c0000, 0x0f0a0000)
  eden space 35072K,  30% used [0x04600000, 0x05096740, 0x06840000)
  from space 4352K,  20% used [0x06840000, 0x06920378, 0x06c80000)
  to   space 4352K,   0% used [0x06c80000, 0x06c80000, 0x070c0000)
 tenured generation   total 87424K, used 57306K [0x0f0a0000, 0x14600000, 0x24600000)
   the space 87424K,  65% used [0x0f0a0000, 0x12896830, 0x12896a00, 0x14600000)
 Metaspace       used 19867K, capacity 20470K, committed 20480K, reserved 20864K
Event: 2180.738 GC heap after
Heap after GC invocations=30 (full 2):
 def new generation   total 39488K, used 0K [0x04600000, 0x070d0000, 0x0f0a0000)
  eden space 35136K,   0% used [0x04600000, 0x04600000, 0x06850000)
  from space 4352K,   0% used [0x06850000, 0x06850000, 0x06c90000)
  to   space 4352K,   0% used [0x06c90000, 0x06c90000, 0x070d0000)
 tenured generation   total 87424K, used 27658K [0x0f0a0000, 0x14600000, 0x24600000)
   the space 87424K,  31% used [0x0f0a0000, 0x10ba2998, 0x10ba2a00, 0x14600000)
 Metaspace       used 19661K, capacity 20207K, committed 20480K, reserved 20864K
}
Event: 2320.085 GC heap before
{Heap before GC invocations=30 (full 2):
 def new generation   total 39488K, used 34687K [0x04600000, 0x070d0000, 0x0f0a0000)
  eden space 35136K,  98% used [0x04600000, 0x067dfda8, 0x06850000)
  from space 4352K,   0% used [0x06850000, 0x06850000, 0x06c90000)
  to   space 4352K,   0% used [0x06c90000, 0x06c90000, 0x070d0000)
 tenured generation   total 87424K, used 27658K [0x0f0a0000, 0x14600000, 0x24600000)
   the space 87424K,  31% used [0x0f0a0000, 0x10ba2998, 0x10ba2a00, 0x14600000)
 Metaspace       used 19681K, capacity 20239K, committed 20608K, reserved 20864K
Event: 2320.113 GC heap after
Heap after GC invocations=31 (full 2):
 def new generation   total 39488K, used 3161K [0x04600000, 0x070d0000, 0x0f0a0000)
  eden space 35136K,   0% used [0x04600000, 0x04600000, 0x06850000)
  from space 4352K,  72% used [0x06c90000, 0x06fa6628, 0x070d0000)
  to   space 4352K,   0% used [0x06850000, 0x06850000, 0x06c90000)
 tenured generation   total 87424K, used 27658K [0x0f0a0000, 0x14600000, 0x24600000)
   the space 87424K,  31% used [0x0f0a0000, 0x10ba2998, 0x10ba2a00, 0x14600000)
 Metaspace       used 19681K, capacity 20239K, committed 20608K, reserved 20864K
}
Event: 2366.148 GC heap before
{Heap before GC invocations=31 (full 2):
 def new generation   total 39488K, used 38297K [0x04600000, 0x070d0000, 0x0f0a0000)
  eden space 35136K, 100% used [0x04600000, 0x06850000, 0x06850000)
  from space 4352K,  72% used [0x06c90000, 0x06fa6628, 0x070d0000)
  to   space 4352K,   0% used [0x06850000, 0x06850000, 0x06c90000)
 tenured generation   total 87424K, used 27658K [0x0f0a0000, 0x14600000, 0x24600000)
   the space 87424K,  31% used [0x0f0a0000, 0x10ba2998, 0x10ba2a00, 0x14600000)
 Metaspace       used 19681K, capacity 20239K, committed 20608K, reserved 20864K
Event: 2366.170 GC heap after
Heap after GC invocations=32 (full 2):
 def new generation   total 39488K, used 4336K [0x04600000, 0x070d0000, 0x0f0a0000)
  eden space 35136K,   0% used [0x04600000, 0x04600000, 0x06850000)
  from space 4352K,  99% used [0x06850000, 0x06c8c358, 0x06c90000)
  to   space 4352K,   0% used [0x06c90000, 0x06c90000, 0x070d0000)
 tenured generation   total 87424K, used 30286K [0x0f0a0000, 0x14600000, 0x24600000)
   the space 87424K,  34% used [0x0f0a0000, 0x10e33870, 0x10e33a00, 0x14600000)
 Metaspace       used 19681K, capacity 20239K, committed 20608K, reserved 20864K
}
Event: 2417.942 GC heap before
{Heap before GC invocations=32 (full 2):
 def new generation   total 39488K, used 39469K [0x04600000, 0x070d0000, 0x0f0a0000)
  eden space 35136K,  99% used [0x04600000, 0x0684f418, 0x06850000)
  from space 4352K,  99% used [0x06850000, 0x06c8c358, 0x06c90000)
  to   space 4352K,   0% used [0x06c90000, 0x06c90000, 0x070d0000)
 tenured generation   total 87424K, used 30286K [0x0f0a0000, 0x14600000, 0x24600000)
   the space 87424K,  34% used [0x0f0a0000, 0x10e33870, 0x10e33a00, 0x14600000)
 Metaspace       used 19705K, capacity 20274K, committed 20608K, reserved 20864K
Event: 2417.956 GC heap after
Heap after GC invocations=33 (full 2):
 def new generation   total 39488K, used 4185K [0x04600000, 0x070d0000, 0x0f0a0000)
  eden space 35136K,   0% used [0x04600000, 0x04600000, 0x06850000)
  from space 4352K,  96% used [0x06c90000, 0x070a6670, 0x070d0000)
  to   space 4352K,   0% used [0x06850000, 0x06850000, 0x06c90000)
 tenured generation   total 87424K, used 34089K [0x0f0a0000, 0x14600000, 0x24600000)
   the space 87424K,  38% used [0x0f0a0000, 0x111ea650, 0x111ea800, 0x14600000)
 Metaspace       used 19705K, capacity 20274K, committed 20608K, reserved 20864K
}

